----------------------------------------------------------------
2016-03-23 07:27:05.483 GMT:
 Booting Derby version The Apache Software Foundation - Apache Derby - 10.5.3.0 - (802917): instance a816c00e-0153-a25e-a6ae-000002df5a90
on database directory C:\Users\gpant\git\JCR_Jackrabbit\JCRExample\repository\version\db  

Database Class Loader started - derby.database.classpath=''
----------------------------------------------------------------
2016-03-23 07:27:05.905 GMT:
 Booting Derby version The Apache Software Foundation - Apache Derby - 10.5.3.0 - (802917): instance 888c4022-0153-a25e-a6ae-000002df5a90
on database directory C:\Users\gpant\git\JCR_Jackrabbit\JCRExample\repository\workspaces\default\db  

Database Class Loader started - derby.database.classpath=''
----------------------------------------------------------------
2016-03-23 07:27:06.466 GMT:
 Booting Derby version The Apache Software Foundation - Apache Derby - 10.5.3.0 - (802917): instance e1734037-0153-a25e-a6ae-000002df5a90
on database directory C:\Users\gpant\git\JCR_Jackrabbit\JCRExample\repository\workspaces\security\db  

Database Class Loader started - derby.database.classpath=''

2016-03-23 07:27:06.701 GMT:
Shutting down instance 888c4022-0153-a25e-a6ae-000002df5a90
----------------------------------------------------------------

2016-03-23 07:27:06.717 GMT:
Shutting down instance e1734037-0153-a25e-a6ae-000002df5a90
----------------------------------------------------------------

2016-03-23 07:27:06.732 GMT:
Shutting down instance a816c00e-0153-a25e-a6ae-000002df5a90
----------------------------------------------------------------
